2024-01-11 15:59:34,414 [main] FATAL CoverFoxInsurance - On home Page
2024-01-11 15:59:34,989 [main] FATAL CoverFoxInsurance - On Health Page
2024-01-11 15:59:35,583 [main] INFO CoverFoxInsurance - On members details Page
2024-01-11 15:59:39,270 [main] INFO CoverFoxInsurance - On Result Page
2024-01-11 15:59:45,497 [main] INFO CoverFoxInsurance - Text Result
2024-01-11 15:59:46,566 [main] INFO CoverFoxInsurance - text Result :"+bannerResult
2024-01-11 15:59:46,573 [main] INFO CoverFoxInsurance - Test Case Passed
2024-01-11 16:13:27,881 [main] FATAL CoverFoxInsurance - On home Page
2024-01-11 16:13:28,605 [main] FATAL CoverFoxInsurance - On Health Page
2024-01-11 16:13:29,266 [main] INFO CoverFoxInsurance - On members details Page
2024-01-11 16:13:33,454 [main] INFO CoverFoxInsurance - On Result Page
2024-01-11 16:13:39,473 [main] INFO CoverFoxInsurance - Text Result
2024-01-11 16:13:40,528 [main] INFO CoverFoxInsurance - text Result :"+bannerResult
2024-01-11 16:13:40,536 [main] INFO CoverFoxInsurance - Test Case Passed
2024-01-11 16:24:17,973 [main] FATAL CoverFoxInsurance - On home Page
2024-01-11 16:24:18,692 [main] FATAL CoverFoxInsurance - On Health Page
2024-01-11 16:24:19,340 [main] INFO CoverFoxInsurance - On members details Page
2024-01-11 16:24:23,664 [main] INFO CoverFoxInsurance - On Result Page
2024-01-11 16:24:29,741 [main] INFO CoverFoxInsurance - Text Result
2024-01-11 16:24:30,806 [main] INFO CoverFoxInsurance - text Result :"+bannerResult
2024-01-11 16:24:30,815 [main] INFO CoverFoxInsurance - Test Case Passed
2024-01-11 16:28:50,796 [main] FATAL CoverFoxInsurance - On home Page
2024-01-11 16:28:51,461 [main] FATAL CoverFoxInsurance - On Health Page
2024-01-11 16:28:52,045 [main] INFO CoverFoxInsurance - On members details Page
2024-01-11 16:28:56,133 [main] INFO CoverFoxInsurance - On Result Page
2024-01-11 16:29:46,944 [main] FATAL CoverFoxInsurance - On home Page
2024-01-11 16:29:47,564 [main] FATAL CoverFoxInsurance - On Health Page
2024-01-11 16:29:48,212 [main] INFO CoverFoxInsurance - On members details Page
2024-01-11 16:29:52,539 [main] INFO CoverFoxInsurance - On Result Page
2024-01-11 16:29:58,807 [main] INFO CoverFoxInsurance - Text Result
2024-01-11 16:29:59,875 [main] INFO CoverFoxInsurance - text Result :"+bannerResult
2024-01-11 16:29:59,876 [main] INFO CoverFoxInsurance - Test Case Passed
2024-01-11 16:32:24,262 [main] FATAL CoverFoxInsurance - On home Page
2024-01-11 16:32:24,879 [main] FATAL CoverFoxInsurance - On Health Page
2024-01-11 16:32:25,522 [main] INFO CoverFoxInsurance - On members details Page
2024-01-11 16:32:29,122 [main] INFO CoverFoxInsurance - On Result Page
2024-01-11 16:32:36,089 [main] INFO CoverFoxInsurance - Text Result
2024-01-11 16:32:37,148 [main] INFO CoverFoxInsurance - text Result :"+bannerResult
2024-01-11 16:32:37,154 [main] INFO CoverFoxInsurance - Test Case Passed
2024-01-11 16:33:40,380 [main] FATAL CoverFoxInsurance - On home Page
2024-01-11 16:33:43,633 [main] FATAL CoverFoxInsurance - On Health Page
2024-01-11 16:33:44,229 [main] INFO CoverFoxInsurance - On members details Page
2024-01-11 16:33:48,358 [main] INFO CoverFoxInsurance - On Result Page
2024-01-11 16:33:54,759 [main] INFO CoverFoxInsurance - Text Result
2024-01-11 16:33:55,823 [main] INFO CoverFoxInsurance - text Result :"+bannerResult
2024-01-11 16:33:55,829 [main] INFO CoverFoxInsurance - Test Case Passed
2024-01-11 23:53:40,123 [main] FATAL CoverFoxInsurance - Launching Browser
2024-01-11 23:53:51,365 [main] INFO CoverFoxInsurance - On Home Page
2024-01-11 23:53:51,967 [main] INFO CoverFoxInsurance - On Home Page
2024-01-11 23:53:52,589 [main] FATAL CoverFoxInsurance - On members details Page
2024-01-11 23:53:54,370 [main] INFO CoverFoxInsurance - Test Case passed
2024-01-11 23:53:54,753 [main] INFO CoverFoxInsurance - Test Case passed
2024-01-11 23:54:00,387 [main] FATAL CoverFoxInsurance - On home Page
2024-01-11 23:54:00,941 [main] FATAL CoverFoxInsurance - On Health Page
2024-01-11 23:54:01,555 [main] INFO CoverFoxInsurance - On members details Page
2024-01-11 23:54:04,372 [main] INFO CoverFoxInsurance - On Result Page
2024-01-11 23:54:10,217 [main] INFO CoverFoxInsurance - Text Result
2024-01-11 23:54:11,271 [main] INFO CoverFoxInsurance - text Result :"+bannerResult
2024-01-11 23:54:11,272 [main] INFO CoverFoxInsurance - Test Case Passed
2024-01-12 18:13:43,015 [main] FATAL CoverFoxInsurance - Launching Browser
2024-01-12 18:13:56,829 [main] INFO CoverFoxInsurance - On Home Page
2024-01-12 18:13:57,767 [main] INFO CoverFoxInsurance - On Home Page
2024-01-12 18:13:58,416 [main] FATAL CoverFoxInsurance - On members details Page
2024-01-12 18:14:00,179 [main] INFO CoverFoxInsurance - Test Case passed
2024-01-12 18:14:00,612 [main] INFO CoverFoxInsurance - Test Case passed
2024-01-12 18:14:05,908 [main] FATAL CoverFoxInsurance - On home Page
2024-01-12 18:14:06,628 [main] FATAL CoverFoxInsurance - On Health Page
2024-01-12 18:14:07,263 [main] INFO CoverFoxInsurance - On members details Page
2024-01-12 18:14:09,946 [main] INFO CoverFoxInsurance - On Result Page
2024-01-12 18:14:16,423 [main] INFO CoverFoxInsurance - Text Result
2024-01-12 18:14:17,476 [main] INFO CoverFoxInsurance - text Result :"+bannerResult
2024-01-12 18:14:17,478 [main] INFO CoverFoxInsurance - Test Case Passed
