2024-01-11 15:59:34,414 - CoverFoxInsurance -FATAL - On home Page
2024-01-11 15:59:34,989 - CoverFoxInsurance -FATAL - On Health Page
2024-01-11 15:59:35,583 - CoverFoxInsurance -INFO - On members details Page
2024-01-11 15:59:39,270 - CoverFoxInsurance -INFO - On Result Page
2024-01-11 15:59:45,497 - CoverFoxInsurance -INFO - Text Result
2024-01-11 15:59:46,566 - CoverFoxInsurance -INFO - text Result :"+bannerResult
2024-01-11 15:59:46,573 - CoverFoxInsurance -INFO - Test Case Passed
2024-01-11 16:13:27,881 - CoverFoxInsurance -FATAL - On home Page
2024-01-11 16:13:28,605 - CoverFoxInsurance -FATAL - On Health Page
2024-01-11 16:13:29,266 - CoverFoxInsurance -INFO - On members details Page
2024-01-11 16:13:33,454 - CoverFoxInsurance -INFO - On Result Page
2024-01-11 16:13:39,473 - CoverFoxInsurance -INFO - Text Result
2024-01-11 16:13:40,528 - CoverFoxInsurance -INFO - text Result :"+bannerResult
2024-01-11 16:13:40,536 - CoverFoxInsurance -INFO - Test Case Passed
2024-01-11 16:24:17,973 - CoverFoxInsurance -FATAL - On home Page
2024-01-11 16:24:18,692 - CoverFoxInsurance -FATAL - On Health Page
2024-01-11 16:24:19,340 - CoverFoxInsurance -INFO - On members details Page
2024-01-11 16:24:23,664 - CoverFoxInsurance -INFO - On Result Page
2024-01-11 16:24:29,741 - CoverFoxInsurance -INFO - Text Result
2024-01-11 16:24:30,806 - CoverFoxInsurance -INFO - text Result :"+bannerResult
2024-01-11 16:24:30,815 - CoverFoxInsurance -INFO - Test Case Passed
2024-01-11 16:28:50,796 - CoverFoxInsurance -FATAL - On home Page
2024-01-11 16:28:51,461 - CoverFoxInsurance -FATAL - On Health Page
2024-01-11 16:28:52,045 - CoverFoxInsurance -INFO - On members details Page
2024-01-11 16:28:56,133 - CoverFoxInsurance -INFO - On Result Page
2024-01-11 16:29:46,944 - CoverFoxInsurance -FATAL - On home Page
2024-01-11 16:29:47,564 - CoverFoxInsurance -FATAL - On Health Page
2024-01-11 16:29:48,212 - CoverFoxInsurance -INFO - On members details Page
2024-01-11 16:29:52,539 - CoverFoxInsurance -INFO - On Result Page
2024-01-11 16:29:58,807 - CoverFoxInsurance -INFO - Text Result
2024-01-11 16:29:59,875 - CoverFoxInsurance -INFO - text Result :"+bannerResult
2024-01-11 16:29:59,876 - CoverFoxInsurance -INFO - Test Case Passed
2024-01-11 16:32:24,262 - CoverFoxInsurance -FATAL - On home Page
2024-01-11 16:32:24,879 - CoverFoxInsurance -FATAL - On Health Page
2024-01-11 16:32:25,522 - CoverFoxInsurance -INFO - On members details Page
2024-01-11 16:32:29,122 - CoverFoxInsurance -INFO - On Result Page
2024-01-11 16:32:36,089 - CoverFoxInsurance -INFO - Text Result
2024-01-11 16:32:37,148 - CoverFoxInsurance -INFO - text Result :"+bannerResult
2024-01-11 16:32:37,154 - CoverFoxInsurance -INFO - Test Case Passed
2024-01-11 16:33:40,380 - CoverFoxInsurance -FATAL - On home Page
2024-01-11 16:33:43,633 - CoverFoxInsurance -FATAL - On Health Page
2024-01-11 16:33:44,229 - CoverFoxInsurance -INFO - On members details Page
2024-01-11 16:33:48,358 - CoverFoxInsurance -INFO - On Result Page
2024-01-11 16:33:54,759 - CoverFoxInsurance -INFO - Text Result
2024-01-11 16:33:55,823 - CoverFoxInsurance -INFO - text Result :"+bannerResult
2024-01-11 16:33:55,829 - CoverFoxInsurance -INFO - Test Case Passed
2024-01-11 23:53:40,123 - CoverFoxInsurance -FATAL - Launching Browser
2024-01-11 23:53:51,365 - CoverFoxInsurance -INFO - On Home Page
2024-01-11 23:53:51,967 - CoverFoxInsurance -INFO - On Home Page
2024-01-11 23:53:52,589 - CoverFoxInsurance -FATAL - On members details Page
2024-01-11 23:53:54,370 - CoverFoxInsurance -INFO - Test Case passed
2024-01-11 23:53:54,753 - CoverFoxInsurance -INFO - Test Case passed
2024-01-11 23:54:00,387 - CoverFoxInsurance -FATAL - On home Page
2024-01-11 23:54:00,941 - CoverFoxInsurance -FATAL - On Health Page
2024-01-11 23:54:01,555 - CoverFoxInsurance -INFO - On members details Page
2024-01-11 23:54:04,372 - CoverFoxInsurance -INFO - On Result Page
2024-01-11 23:54:10,217 - CoverFoxInsurance -INFO - Text Result
2024-01-11 23:54:11,271 - CoverFoxInsurance -INFO - text Result :"+bannerResult
2024-01-11 23:54:11,272 - CoverFoxInsurance -INFO - Test Case Passed
2024-01-12 18:13:43,015 - CoverFoxInsurance -FATAL - Launching Browser
2024-01-12 18:13:56,829 - CoverFoxInsurance -INFO - On Home Page
2024-01-12 18:13:57,767 - CoverFoxInsurance -INFO - On Home Page
2024-01-12 18:13:58,416 - CoverFoxInsurance -FATAL - On members details Page
2024-01-12 18:14:00,179 - CoverFoxInsurance -INFO - Test Case passed
2024-01-12 18:14:00,612 - CoverFoxInsurance -INFO - Test Case passed
2024-01-12 18:14:05,908 - CoverFoxInsurance -FATAL - On home Page
2024-01-12 18:14:06,628 - CoverFoxInsurance -FATAL - On Health Page
2024-01-12 18:14:07,263 - CoverFoxInsurance -INFO - On members details Page
2024-01-12 18:14:09,946 - CoverFoxInsurance -INFO - On Result Page
2024-01-12 18:14:16,423 - CoverFoxInsurance -INFO - Text Result
2024-01-12 18:14:17,476 - CoverFoxInsurance -INFO - text Result :"+bannerResult
2024-01-12 18:14:17,478 - CoverFoxInsurance -INFO - Test Case Passed
